02-07-2023 18:54:54 PM UTC Logging started.
02-07-2023 18:54:54 PM UTC Parameters entered, starting validation.
02-07-2023 18:55:16 PM UTC FAIL : An error occurred (AccessDenied) when calling the ListObjects operation: Access Denied
botocore.exceptions.ClientError: An error occurred (AccessDenied) when calling the ListObjects operation: Access Denied
02-07-2023 18:55:16 PM UTC Unable to connect to AWS account that contains data to be validated
botocore.exceptions.ClientError: An error occurred (AccessDenied) when calling the ListObjects operation: Access Denied
02-07-2023 18:55:58 PM UTC Unable to save report to given S3 bucket: dummy
botocore.exceptions.ClientError: An error occurred (AccessDenied) when calling the CreateBucket operation: Access Denied

The above exception was the direct cause of the following exception:

PermissionError: Access Denied
02-07-2023 18:55:58 PM UTC Fail: Access Denied
botocore.exceptions.ClientError: An error occurred (AccessDenied) when calling the CreateBucket operation: Access Denied

The above exception was the direct cause of the following exception:

PermissionError: Access Denied
02-07-2023 18:55:58 PM UTC Finished validation. Time required : 64.2628276348114 sec
02-07-2023 21:55:08 PM UTC Logging started.
02-07-2023 21:55:08 PM UTC Parameters entered, starting validation.
02-07-2023 21:56:13 PM UTC Finished validation. Time required : 65.84461402893066 sec
